[2m20:03:10[22m [31m[1m[vite][22m[39m Pre-transform error: Failed to resolve import "./pages/Premium" from "src/App.tsx". Does the file exist?
[2m20:03:10[22m [31m[1m[vite][22m[39m [31mInternal server error: Failed to resolve import "./pages/Premium" from "src/App.tsx". Does the file exist?[39m
  Plugin: [35mvite:import-analysis[39m
  File: [36mC:/Users/Markim/Downloads/PokerWizard_PRO_Complete/client/src/App.tsx[39m:8:20
[33m  6  |  import Analysis from "./pages/Analysis";
  7  |  import Login from "./pages/Login";
  8  |  import Premium from "./pages/Premium";
     |                       ^
  9  |  import { AuthProvider, useAuth } from "./contexts/AuthContext";
  10 |  function Layout({ children }) {[39m
      at TransformPluginContext._formatError (file:///C:/Users/Markim/Downloads/PokerWizard_PRO_Complete/client/node_modules/vite/dist/node/chunks/dep-BK3b2jBa.js:49258:41)
      at TransformPluginContext.error (file:///C:/Users/Markim/Downloads/PokerWizard_PRO_Complete/client/node_modules/vite/dist/node/chunks/dep-BK3b2jBa.js:49253:16)
      at normalizeUrl (file:///C:/Users/Markim/Downloads/PokerWizard_PRO_Complete/client/node_modules/vite/dist/node/chunks/dep-BK3b2jBa.js:64307:23)
      at process.processTicksAndRejections (node:internal/process/task_queues:105:5)
      at async file:///C:/Users/Markim/Downloads/PokerWizard_PRO_Complete/client/node_modules/vite/dist/node/chunks/dep-BK3b2jBa.js:64439:39
      at async Promise.all (index 7)
      at async TransformPluginContext.transform (file:///C:/Users/Markim/Downloads/PokerWizard_PRO_Complete/client/node_modules/vite/dist/node/chunks/dep-BK3b2jBa.js:64366:7)
      at async PluginContainer.transform (file:///C:/Users/Markim/Downloads/PokerWizard_PRO_Complete/client/node_modules/vite/dist/node/chunks/dep-BK3b2jBa.js:49099:18)
      at async loadAndTransform (file:///C:/Users/Markim/Downloads/PokerWizard_PRO_Complete/client/node_modules/vite/dist/node/chunks/dep-BK3b2jBa.js:51978:27)
      at async viteTransformMiddleware (file:///C:/Users/Markim/Downloads/PokerWizard_PRO_Complete/client/node_modules/vite/dist/node/chunks/dep-BK3b2jBa.js:62106:24)
[2m20:03:11[22m [31m[1m[vite][22m[39m [31mInternal server error: Failed to resolve import "./pages/Premium" from "src/App.tsx". Does the file exist?[39m
  Plugin: [35mvite:import-analysis[39m
  File: [36mC:/Users/Markim/Downloads/PokerWizard_PRO_Complete/client/src/App.tsx[39m:8:20
[33m  6  |  import Analysis from "./pages/Analysis";
  7  |  import Login from "./pages/Login";
  8  |  import Premium from "./pages/Premium";
     |                       ^
  9  |  import { AuthProvider, useAuth } from "./contexts/AuthContext";
  10 |  function Layout({ children }) {[39m
      at TransformPluginContext._formatError (file:///C:/Users/Markim/Downloads/PokerWizard_PRO_Complete/client/node_modules/vite/dist/node/chunks/dep-BK3b2jBa.js:49258:41)
      at TransformPluginContext.error (file:///C:/Users/Markim/Downloads/PokerWizard_PRO_Complete/client/node_modules/vite/dist/node/chunks/dep-BK3b2jBa.js:49253:16)
      at normalizeUrl (file:///C:/Users/Markim/Downloads/PokerWizard_PRO_Complete/client/node_modules/vite/dist/node/chunks/dep-BK3b2jBa.js:64307:23)
      at process.processTicksAndRejections (node:internal/process/task_queues:105:5)
      at async file:///C:/Users/Markim/Downloads/PokerWizard_PRO_Complete/client/node_modules/vite/dist/node/chunks/dep-BK3b2jBa.js:64439:39
      at async Promise.all (index 7)
      at async TransformPluginContext.transform (file:///C:/Users/Markim/Downloads/PokerWizard_PRO_Complete/client/node_modules/vite/dist/node/chunks/dep-BK3b2jBa.js:64366:7)
      at async PluginContainer.transform (file:///C:/Users/Markim/Downloads/PokerWizard_PRO_Complete/client/node_modules/vite/dist/node/chunks/dep-BK3b2jBa.js:49099:18)
      at async loadAndTransform (file:///C:/Users/Markim/Downloads/PokerWizard_PRO_Complete/client/node_modules/vite/dist/node/chunks/dep-BK3b2jBa.js:51978:27)
      at async viteTransformMiddleware (file:///C:/Users/Markim/Downloads/PokerWizard_PRO_Complete/client/node_modules/vite/dist/node/chunks/dep-BK3b2jBa.js:62106:24)
[2m20:03:50[22m [31m[1m[vite][22m[39m [31mInternal server error: Failed to resolve import "./pages/Premium" from "src/App.tsx". Does the file exist?[39m
  Plugin: [35mvite:import-analysis[39m
  File: [36mC:/Users/Markim/Downloads/PokerWizard_PRO_Complete/client/src/App.tsx[39m:8:20
[33m  6  |  import Analysis from "./pages/Analysis";
  7  |  import Login from "./pages/Login";
  8  |  import Premium from "./pages/Premium";
     |                       ^
  9  |  import { AuthProvider, useAuth } from "./contexts/AuthContext";
  10 |  function Layout({ children }) {[39m
      at TransformPluginContext._formatError (file:///C:/Users/Markim/Downloads/PokerWizard_PRO_Complete/client/node_modules/vite/dist/node/chunks/dep-BK3b2jBa.js:49258:41)
      at TransformPluginContext.error (file:///C:/Users/Markim/Downloads/PokerWizard_PRO_Complete/client/node_modules/vite/dist/node/chunks/dep-BK3b2jBa.js:49253:16)
      at normalizeUrl (file:///C:/Users/Markim/Downloads/PokerWizard_PRO_Complete/client/node_modules/vite/dist/node/chunks/dep-BK3b2jBa.js:64307:23)
      at process.processTicksAndRejections (node:internal/process/task_queues:105:5)
      at async file:///C:/Users/Markim/Downloads/PokerWizard_PRO_Complete/client/node_modules/vite/dist/node/chunks/dep-BK3b2jBa.js:64439:39
      at async Promise.all (index 7)
      at async TransformPluginContext.transform (file:///C:/Users/Markim/Downloads/PokerWizard_PRO_Complete/client/node_modules/vite/dist/node/chunks/dep-BK3b2jBa.js:64366:7)
      at async PluginContainer.transform (file:///C:/Users/Markim/Downloads/PokerWizard_PRO_Complete/client/node_modules/vite/dist/node/chunks/dep-BK3b2jBa.js:49099:18)
      at async loadAndTransform (file:///C:/Users/Markim/Downloads/PokerWizard_PRO_Complete/client/node_modules/vite/dist/node/chunks/dep-BK3b2jBa.js:51978:27)
      at async viteTransformMiddleware (file:///C:/Users/Markim/Downloads/PokerWizard_PRO_Complete/client/node_modules/vite/dist/node/chunks/dep-BK3b2jBa.js:62106:24)
[2m20:03:51[22m [31m[1m[vite][22m[39m [31mInternal server error: Failed to resolve import "./pages/Premium" from "src/App.tsx". Does the file exist?[39m
  Plugin: [35mvite:import-analysis[39m
  File: [36mC:/Users/Markim/Downloads/PokerWizard_PRO_Complete/client/src/App.tsx[39m:8:20
[33m  6  |  import Analysis from "./pages/Analysis";
  7  |  import Login from "./pages/Login";
  8  |  import Premium from "./pages/Premium";
     |                       ^
  9  |  import { AuthProvider, useAuth } from "./contexts/AuthContext";
  10 |  function Layout({ children }) {[39m
      at TransformPluginContext._formatError (file:///C:/Users/Markim/Downloads/PokerWizard_PRO_Complete/client/node_modules/vite/dist/node/chunks/dep-BK3b2jBa.js:49258:41)
      at TransformPluginContext.error (file:///C:/Users/Markim/Downloads/PokerWizard_PRO_Complete/client/node_modules/vite/dist/node/chunks/dep-BK3b2jBa.js:49253:16)
      at normalizeUrl (file:///C:/Users/Markim/Downloads/PokerWizard_PRO_Complete/client/node_modules/vite/dist/node/chunks/dep-BK3b2jBa.js:64307:23)
      at process.processTicksAndRejections (node:internal/process/task_queues:105:5)
      at async file:///C:/Users/Markim/Downloads/PokerWizard_PRO_Complete/client/node_modules/vite/dist/node/chunks/dep-BK3b2jBa.js:64439:39
      at async Promise.all (index 7)
      at async TransformPluginContext.transform (file:///C:/Users/Markim/Downloads/PokerWizard_PRO_Complete/client/node_modules/vite/dist/node/chunks/dep-BK3b2jBa.js:64366:7)
      at async PluginContainer.transform (file:///C:/Users/Markim/Downloads/PokerWizard_PRO_Complete/client/node_modules/vite/dist/node/chunks/dep-BK3b2jBa.js:49099:18)
      at async loadAndTransform (file:///C:/Users/Markim/Downloads/PokerWizard_PRO_Complete/client/node_modules/vite/dist/node/chunks/dep-BK3b2jBa.js:51978:27)
      at async viteTransformMiddleware (file:///C:/Users/Markim/Downloads/PokerWizard_PRO_Complete/client/node_modules/vite/dist/node/chunks/dep-BK3b2jBa.js:62106:24)
